<?xml version="1.0" encoding="UTF-8"?>
<!-- Generated by org.testng.reporters.JUnitXMLReporter -->
<testsuite hostname="LAPTOP-7PNVD7B6" ignored="0" name="Surefire test" tests="1" failures="1" timestamp="11 Sep 2019 13:16:28 GMT" time="0.047" errors="0">
  <testcase name="homepageNavigation" time="0.0" classname="sampleProject.HomepageTest">
    <failure type="org.testng.TestNGException" message="
Cannot inject @Test annotated Method [homepageNavigation] with [interface org.openqa.selenium.WebDriver].
For more information on native dependency injection please refer to http://testng.org/doc/documentation-main.html#native-dependency-injection">
      <![CDATA[org.testng.TestNGException: 
Cannot inject @Test annotated Method [homepageNavigation] with [interface org.openqa.selenium.WebDriver].
For more information on native dependency injection please refer to http://testng.org/doc/documentation-main.html#native-dependency-injection
... Removed 29 stack frames]]>
    </failure>
  </testcase> <!-- homepageNavigation -->
</testsuite> <!-- Surefire test -->
